# JRE version: OpenJDK Runtime Environment (8.0) (build 1.8.0-25-microsoft-b00)
# Java VM: OpenJDK 64-Bit Server VM (25.71-b00 mixed mode windows-amd64 compressed oops)
Heap:
 PSYoungGen      total 300032K, used 240509K [0x00000000eab00000, 0x00000000fe900000, 0x0000000100000000)
  eden space 274432K, 80% used [0x00000000eab00000,0x00000000f81e3578,0x00000000fb700000)
  from space 25600K, 79% used [0x00000000fb700000,0x00000000fcafc020,0x00000000fd000000)
  to   space 25600K, 0% used [0x00000000fd000000,0x00000000fd000000,0x00000000fe900000)
 ParOldGen       total 105984K, used 69382K [0x00000000c0000000, 0x00000000c6780000, 0x00000000eab00000)
  object space 105984K, 65% used [0x00000000c0000000,0x00000000c43c1ae0,0x00000000c6780000)
 Metaspace       used 19098K, capacity 20404K, committed 20608K, reserved 1067008K
  class space    used 2295K, capacity 2570K, committed 2688K, reserved 1048576K
GC Heap History (10 events):
Event: 10.594 GC heap before
{Heap before GC invocations=22 (full 1):
 PSYoungGen      total 256000K, used 244600K [0x00000000eab00000, 0x00000000fc000000, 0x0000000100000000)
  eden space 228352K, 100% used [0x00000000eab00000,0x00000000f8a00000,0x00000000f8a00000)
  from space 27648K, 58% used [0x00000000fa480000,0x00000000fb45e058,0x00000000fbf80000)
  to   space 27136K, 0% used [0x00000000f8a00000,0x00000000f8a00000,0x00000000fa480000)
 ParOldGen       total 105984K, used 60606K [0x00000000c0000000, 0x00000000c6780000, 0x00000000eab00000)
  object space 105984K, 57% used [0x00000000c0000000,0x00000000c3b2fad0,0x00000000c6780000)
 Metaspace       used 17238K, capacity 18164K, committed 18944K, reserved 1064960K
  class space    used 2079K, capacity 2312K, committed 2560K, reserved 1048576K
Event: 10.616 GC heap after
Heap after GC invocations=22 (full 1):
 PSYoungGen      total 255488K, used 16608K [0x00000000eab00000, 0x00000000fe900000, 0x0000000100000000)
  eden space 228352K, 0% used [0x00000000eab00000,0x00000000eab00000,0x00000000f8a00000)
  from space 27136K, 61% used [0x00000000f8a00000,0x00000000f9a38010,0x00000000fa480000)
  to   space 25600K, 0% used [0x00000000fd000000,0x00000000fd000000,0x00000000fe900000)
 ParOldGen       total 105984K, used 62406K [0x00000000c0000000, 0x00000000c6780000, 0x00000000eab00000)
  object space 105984K, 58% used [0x00000000c0000000,0x00000000c3cf1ad0,0x00000000c6780000)
 Metaspace       used 17238K, capacity 18164K, committed 18944K, reserved 1064960K
  class space    used 2079K, capacity 2312K, committed 2560K, reserved 1048576K
}
Event: 11.052 GC heap before
{Heap before GC invocations=23 (full 1):
 PSYoungGen      total 255488K, used 244960K [0x00000000eab00000, 0x00000000fe900000, 0x0000000100000000)
  eden space 228352K, 100% used [0x00000000eab00000,0x00000000f8a00000,0x00000000f8a00000)
  from space 27136K, 61% used [0x00000000f8a00000,0x00000000f9a38010,0x00000000fa480000)
  to   space 25600K, 0% used [0x00000000fd000000,0x00000000fd000000,0x00000000fe900000)
 ParOldGen       total 105984K, used 62406K [0x00000000c0000000, 0x00000000c6780000, 0x00000000eab00000)
  object space 105984K, 58% used [0x00000000c0000000,0x00000000c3cf1ad0,0x00000000c6780000)
 Metaspace       used 17242K, capacity 18164K, committed 18944K, reserved 1064960K
  class space    used 2079K, capacity 2312K, committed 2560K, reserved 1048576K
Event: 11.074 GC heap after
Heap after GC invocations=23 (full 1):
 PSYoungGen      total 300032K, used 17648K [0x00000000eab00000, 0x00000000fe900000, 0x0000000100000000)
  eden space 274432K, 0% used [0x00000000eab00000,0x00000000eab00000,0x00000000fb700000)
  from space 25600K, 68% used [0x00000000fd000000,0x00000000fe13c020,0x00000000fe900000)
  to   space 25600K, 0% used [0x00000000fb700000,0x00000000fb700000,0x00000000fd000000)
 ParOldGen       total 105984K, used 64366K [0x00000000c0000000, 0x00000000c6780000, 0x00000000eab00000)
  object space 105984K, 60% used [0x00000000c0000000,0x00000000c3edbad0,0x00000000c6780000)
 Metaspace       used 17242K, capacity 18164K, committed 18944K, reserved 1064960K
  class space    used 2079K, capacity 2312K, committed 2560K, reserved 1048576K
}
Event: 11.611 GC heap before
{Heap before GC invocations=24 (full 1):
 PSYoungGen      total 300032K, used 292080K [0x00000000eab00000, 0x00000000fe900000, 0x0000000100000000)
  eden space 274432K, 100% used [0x00000000eab00000,0x00000000fb700000,0x00000000fb700000)
  from space 25600K, 68% used [0x00000000fd000000,0x00000000fe13c020,0x00000000fe900000)
  to   space 25600K, 0% used [0x00000000fb700000,0x00000000fb700000,0x00000000fd000000)
 ParOldGen       total 105984K, used 64366K [0x00000000c0000000, 0x00000000c6780000, 0x00000000eab00000)
  object space 105984K, 60% used [0x00000000c0000000,0x00000000c3edbad0,0x00000000c6780000)
 Metaspace       used 17257K, capacity 18228K, committed 18944K, reserved 1064960K
  class space    used 2079K, capacity 2312K, committed 2560K, reserved 1048576K
Event: 11.635 GC heap after
Heap after GC invocations=24 (full 1):
 PSYoungGen      total 300032K, used 17984K [0x00000000eab00000, 0x00000000fe900000, 0x0000000100000000)
  eden space 274432K, 0% used [0x00000000eab00000,0x00000000eab00000,0x00000000fb700000)
  from space 25600K, 70% used [0x00000000fb700000,0x00000000fc890010,0x00000000fd000000)
  to   space 25600K, 0% used [0x00000000fd000000,0x00000000fd000000,0x00000000fe900000)
 ParOldGen       total 105984K, used 66246K [0x00000000c0000000, 0x00000000c6780000, 0x00000000eab00000)
  object space 105984K, 62% used [0x00000000c0000000,0x00000000c40b1ae0,0x00000000c6780000)
 Metaspace       used 17257K, capacity 18228K, committed 18944K, reserved 1064960K
  class space    used 2079K, capacity 2312K, committed 2560K, reserved 1048576K
}
Event: 12.162 GC heap before
{Heap before GC invocations=25 (full 1):
 PSYoungGen      total 300032K, used 292416K [0x00000000eab00000, 0x00000000fe900000, 0x0000000100000000)
  eden space 274432K, 100% used [0x00000000eab00000,0x00000000fb700000,0x00000000fb700000)
  from space 25600K, 70% used [0x00000000fb700000,0x00000000fc890010,0x00000000fd000000)
  to   space 25600K, 0% used [0x00000000fd000000,0x00000000fd000000,0x00000000fe900000)
 ParOldGen       total 105984K, used 66246K [0x00000000c0000000, 0x00000000c6780000, 0x00000000eab00000)
  object space 105984K, 62% used [0x00000000c0000000,0x00000000c40b1ae0,0x00000000c6780000)
 Metaspace       used 17275K, capacity 18228K, committed 18944K, reserved 1064960K
  class space    used 2079K, capacity 2312K, committed 2560K, reserved 1048576K
Event: 12.183 GC heap after
Heap after GC invocations=25 (full 1):
 PSYoungGen      total 300032K, used 19280K [0x00000000eab00000, 0x00000000fe900000, 0x0000000100000000)
  eden space 274432K, 0% used [0x00000000eab00000,0x00000000eab00000,0x00000000fb700000)
  from space 25600K, 75% used [0x00000000fd000000,0x00000000fe2d4020,0x00000000fe900000)
  to   space 25600K, 0% used [0x00000000fb700000,0x00000000fb700000,0x00000000fd000000)
 ParOldGen       total 105984K, used 67838K [0x00000000c0000000, 0x00000000c6780000, 0x00000000eab00000)
  object space 105984K, 64% used [0x00000000c0000000,0x00000000c423fae0,0x00000000c6780000)
 Metaspace       used 17275K, capacity 18228K, committed 18944K, reserved 1064960K
  class space    used 2079K, capacity 2312K, committed 2560K, reserved 1048576K
}
Event: 12.679 GC heap before
{Heap before GC invocations=26 (full 1):
 PSYoungGen      total 300032K, used 293712K [0x00000000eab00000, 0x00000000fe900000, 0x0000000100000000)
  eden space 274432K, 100% used [0x00000000eab00000,0x00000000fb700000,0x00000000fb700000)
  from space 25600K, 75% used [0x00000000fd000000,0x00000000fe2d4020,0x00000000fe900000)
  to   space 25600K, 0% used [0x00000000fb700000,0x00000000fb700000,0x00000000fd000000)
 ParOldGen       total 105984K, used 67838K [0x00000000c0000000, 0x00000000c6780000, 0x00000000eab00000)
  object space 105984K, 64% used [0x00000000c0000000,0x00000000c423fae0,0x00000000c6780000)
 Metaspace       used 17278K, capacity 18228K, committed 18944K, reserved 1064960K
  class space    used 2079K, capacity 2312K, committed 2560K, reserved 1048576K
Event: 12.715 GC heap after
Heap after GC invocations=26 (full 1):
 PSYoungGen      total 300032K, used 20464K [0x00000000eab00000, 0x00000000fe900000, 0x0000000100000000)
  eden space 274432K, 0% used [0x00000000eab00000,0x00000000eab00000,0x00000000fb700000)
  from space 25600K, 79% used [0x00000000fb700000,0x00000000fcafc020,0x00000000fd000000)
  to   space 25600K, 0% used [0x00000000fd000000,0x00000000fd000000,0x00000000fe900000)
 ParOldGen       total 105984K, used 69382K [0x00000000c0000000, 0x00000000c6780000, 0x00000000eab00000)
  object space 105984K, 65% used [0x00000000c0000000,0x00000000c43c1ae0,0x00000000c6780000)
 Metaspace       used 17278K, capacity 18228K, committed 18944K, reserved 1064960K
  class space    used 2079K, capacity 2312K, committed 2560K, reserved 1048576K
}

